<?xml version="1.0" encoding="UTF-8"?>
<!-- Generated by org.testng.reporters.JUnitReportReporter -->
<testsuite hostname="DESKTOP-30MHC5G" failures="0" tests="1" name="com.neo.NeoStox" time="11.010" errors="0" timestamp="2022-12-26T17:03:10 IST" skipped="0">
  <testcase classname="com.neo.NeoStox" name="launchingNeo" time="11.010"/>
  <system-out/>
</testsuite> <!-- com.neo.NeoStox -->
