<?xml version="1.0" encoding="UTF-8"?>
<!-- Generated by org.testng.reporters.JUnitReportReporter -->
<testsuite hostname="DESKTOP-30MHC5G" failures="0" tests="1" name="com.neo.NeoStox" time="8.428" errors="0" timestamp="2022-12-26T18:28:41 IST" skipped="0">
  <testcase classname="com.neo.NeoStox" name="launchingNeo" time="8.428"/>
  <system-out/>
</testsuite> <!-- com.neo.NeoStox -->
